<?xml version="1.0" encoding="UTF-8"?>
<!-- Generated by org.testng.reporters.JUnitXMLReporter -->
<testsuite hostname="DESKTOP-BRRH2CJ" ignored="0" name="Smoke Test" tests="5" failures="1" timestamp="22 Apr 2020 12:14:20 GMT" time="205.934" errors="0">
  <testcase name="verifyEndtoEndFlowOfPurchasingtheProduct" time="53.258" classname="com.wip.test.LoginPageTest"/>
  <testcase name="verifySuccessfullLoginFunctionality" time="16.881" classname="com.wip.test.LoginPageTest"/>
  <testcase name="verifyInvalidLoginFunctionality" time="18.329" classname="com.wip.test.LoginPageTest"/>
  <testcase name="verifyTheScreenCaptureFunctionalityForFailedCase" time="104.548" classname="com.wip.test.LoginPageTest">
    <skipped/>
  </testcase> <!-- verifyTheScreenCaptureFunctionalityForFailedCase -->
  <testcase name="verifyTheScreenCaptureFunctionalityForFailedCase" time="0.016" classname="com.wip.test.LoginPageTest">
    <failure type="java.lang.AssertionError" message="Title of the Page is not Matching expected [JB Hi-Fi - Australia&amp;apos;s Largest Home Entertainment Retailer] but found [Account]">
      <![CDATA[java.lang.AssertionError: Title of the Page is not Matching expected [JB Hi-Fi - Australia's Largest Home Entertainment Retailer] but found [Account]
	at com.wip.pages.Homepage.verifyHomePageTitle(Homepage.java:38)
	at com.wip.test.LoginPageTest.verifyTheScreenCaptureFunctionalityForFailedCase(LoginPageTest.java:229)
... Removed 30 stack frames]]>
    </failure>
  </testcase> <!-- verifyTheScreenCaptureFunctionalityForFailedCase -->
</testsuite> <!-- Smoke Test -->
